mode: set
gophertodo/backend/internal/service/task_service.go:15.72,20.2 1 1
gophertodo/backend/internal/service/task_service.go:22.72,24.16 2 1
gophertodo/backend/internal/service/task_service.go:24.16,26.3 1 1
gophertodo/backend/internal/service/task_service.go:27.2,27.42 1 1
gophertodo/backend/internal/service/task_service.go:27.42,29.3 1 0
gophertodo/backend/internal/service/task_service.go:30.2,30.18 1 1
gophertodo/backend/internal/service/task_service.go:33.62,35.2 1 1
gophertodo/backend/internal/service/task_service.go:37.64,39.2 1 1
gophertodo/backend/internal/service/task_service.go:41.69,43.16 2 1
gophertodo/backend/internal/service/task_service.go:43.16,45.3 1 1
gophertodo/backend/internal/service/task_service.go:46.2,46.52 1 1
gophertodo/backend/internal/service/task_service.go:46.52,48.3 1 1
gophertodo/backend/internal/service/task_service.go:49.2,49.44 1 1
gophertodo/backend/internal/service/task_service.go:49.44,51.3 1 0
gophertodo/backend/internal/service/task_service.go:52.2,52.18 1 1
gophertodo/backend/internal/service/task_service.go:55.51,57.2 1 1
gophertodo/backend/internal/domain/task.go:30.60,32.19 2 1
gophertodo/backend/internal/domain/task.go:32.19,34.3 1 1
gophertodo/backend/internal/domain/task.go:36.2,40.8 1 1
gophertodo/backend/internal/domain/task.go:43.51,44.33 1 1
gophertodo/backend/internal/domain/task.go:44.33,46.3 1 1
gophertodo/backend/internal/domain/task.go:48.2,51.12 4 1
gophertodo/backend/internal/httpapi/server.go:28.55,30.2 1 1
gophertodo/backend/internal/httpapi/server.go:32.40,38.2 5 1
gophertodo/backend/internal/httpapi/server.go:40.72,42.2 1 0
gophertodo/backend/internal/httpapi/server.go:44.70,45.18 1 1
gophertodo/backend/internal/httpapi/server.go:46.22,48.17 2 1
gophertodo/backend/internal/httpapi/server.go:48.17,51.4 2 0
gophertodo/backend/internal/httpapi/server.go:52.3,52.37 1 1
gophertodo/backend/internal/httpapi/server.go:53.23,55.64 2 1
gophertodo/backend/internal/httpapi/server.go:55.64,58.4 2 0
gophertodo/backend/internal/httpapi/server.go:59.3,60.17 2 1
gophertodo/backend/internal/httpapi/server.go:60.17,61.46 1 1
gophertodo/backend/internal/httpapi/server.go:61.46,64.5 2 1
gophertodo/backend/internal/httpapi/server.go:65.4,66.10 2 0
gophertodo/backend/internal/httpapi/server.go:68.3,68.41 1 1
gophertodo/backend/internal/httpapi/server.go:69.10,71.89 2 0
gophertodo/backend/internal/httpapi/server.go:75.73,77.9 2 1
gophertodo/backend/internal/httpapi/server.go:77.9,80.3 2 0
gophertodo/backend/internal/httpapi/server.go:82.2,82.26 1 1
gophertodo/backend/internal/httpapi/server.go:82.26,85.3 2 1
gophertodo/backend/internal/httpapi/server.go:86.2,86.18 1 1
gophertodo/backend/internal/httpapi/server.go:86.18,89.3 2 0
gophertodo/backend/internal/httpapi/server.go:91.2,91.18 1 1
gophertodo/backend/internal/httpapi/server.go:92.22,94.17 2 0
gophertodo/backend/internal/httpapi/server.go:94.17,97.4 2 0
gophertodo/backend/internal/httpapi/server.go:98.3,98.36 1 0
gophertodo/backend/internal/httpapi/server.go:99.25,100.48 1 1
gophertodo/backend/internal/httpapi/server.go:100.48,103.4 2 1
gophertodo/backend/internal/httpapi/server.go:104.3,104.38 1 0
gophertodo/backend/internal/httpapi/server.go:105.10,107.89 2 0
gophertodo/backend/internal/httpapi/server.go:111.85,112.33 1 1
gophertodo/backend/internal/httpapi/server.go:112.33,116.3 3 0
gophertodo/backend/internal/httpapi/server.go:118.2,119.16 2 1
gophertodo/backend/internal/httpapi/server.go:119.16,122.3 2 0
gophertodo/backend/internal/httpapi/server.go:123.2,123.35 1 1
gophertodo/backend/internal/httpapi/server.go:126.66,129.39 3 1
gophertodo/backend/internal/httpapi/server.go:129.39,131.3 1 0
gophertodo/backend/internal/httpapi/server.go:133.2,134.27 2 1
gophertodo/backend/internal/httpapi/server.go:134.27,136.3 1 0
gophertodo/backend/internal/httpapi/server.go:138.2,138.21 1 1
gophertodo/backend/internal/httpapi/server.go:138.21,140.3 1 1
gophertodo/backend/internal/httpapi/server.go:141.2,141.21 1 1
gophertodo/backend/internal/httpapi/server.go:141.21,143.3 1 1
gophertodo/backend/internal/httpapi/server.go:144.2,144.21 1 0
gophertodo/backend/internal/httpapi/server.go:147.59,148.9 1 1
gophertodo/backend/internal/httpapi/server.go:149.50,150.68 1 1
gophertodo/backend/internal/httpapi/server.go:151.45,152.87 1 0
gophertodo/backend/internal/httpapi/server.go:153.10,154.93 1 0
gophertodo/backend/internal/httpapi/server.go:158.61,161.17 3 1
gophertodo/backend/internal/httpapi/server.go:161.17,163.3 1 1
gophertodo/backend/internal/httpapi/server.go:166.74,168.2 1 1
gophertodo/backend/internal/httpapi/server.go:170.47,171.71 1 1
gophertodo/backend/internal/httpapi/server.go:171.71,175.37 4 1
gophertodo/backend/internal/httpapi/server.go:175.37,178.4 2 0
gophertodo/backend/internal/httpapi/server.go:179.3,179.23 1 1
gophertodo/backend/internal/repository/json_repository.go:26.70,33.36 2 1
gophertodo/backend/internal/repository/json_repository.go:33.36,35.3 1 1
gophertodo/backend/internal/repository/json_repository.go:36.2,36.18 1 1
gophertodo/backend/internal/repository/json_repository.go:39.60,50.2 8 1
gophertodo/backend/internal/repository/json_repository.go:52.69,57.9 4 1
gophertodo/backend/internal/repository/json_repository.go:57.9,59.3 1 1
gophertodo/backend/internal/repository/json_repository.go:60.2,60.29 1 1
gophertodo/backend/internal/repository/json_repository.go:63.64,68.31 4 1
gophertodo/backend/internal/repository/json_repository.go:68.31,70.3 1 1
gophertodo/backend/internal/repository/json_repository.go:71.2,71.40 1 1
gophertodo/backend/internal/repository/json_repository.go:71.40,73.3 1 1
gophertodo/backend/internal/repository/json_repository.go:74.2,74.19 1 1
gophertodo/backend/internal/repository/json_repository.go:77.62,81.36 3 1
gophertodo/backend/internal/repository/json_repository.go:81.36,83.3 1 1
gophertodo/backend/internal/repository/json_repository.go:84.2,85.26 2 1
gophertodo/backend/internal/repository/json_repository.go:88.51,92.31 3 1
gophertodo/backend/internal/repository/json_repository.go:92.31,94.3 1 1
gophertodo/backend/internal/repository/json_repository.go:95.2,96.26 2 1
gophertodo/backend/internal/repository/json_repository.go:99.43,100.64 1 1
gophertodo/backend/internal/repository/json_repository.go:100.64,102.3 1 0
gophertodo/backend/internal/repository/json_repository.go:104.2,105.36 2 1
gophertodo/backend/internal/repository/json_repository.go:105.36,107.3 1 1
gophertodo/backend/internal/repository/json_repository.go:108.2,108.16 1 1
gophertodo/backend/internal/repository/json_repository.go:108.16,110.3 1 0
gophertodo/backend/internal/repository/json_repository.go:111.2,111.23 1 1
gophertodo/backend/internal/repository/json_repository.go:111.23,113.3 1 1
gophertodo/backend/internal/repository/json_repository.go:115.2,116.56 2 1
gophertodo/backend/internal/repository/json_repository.go:116.56,118.3 1 1
gophertodo/backend/internal/repository/json_repository.go:120.2,121.35 2 1
gophertodo/backend/internal/repository/json_repository.go:121.35,122.18 1 1
gophertodo/backend/internal/repository/json_repository.go:122.18,123.12 1 0
gophertodo/backend/internal/repository/json_repository.go:125.3,126.22 2 1
gophertodo/backend/internal/repository/json_repository.go:126.22,128.4 1 1
gophertodo/backend/internal/repository/json_repository.go:131.2,132.23 2 1
gophertodo/backend/internal/repository/json_repository.go:132.23,134.3 1 0
gophertodo/backend/internal/repository/json_repository.go:135.2,135.18 1 1
gophertodo/backend/internal/repository/json_repository.go:135.18,137.3 1 0
gophertodo/backend/internal/repository/json_repository.go:138.2,138.12 1 1
gophertodo/backend/internal/repository/json_repository.go:141.52,143.31 2 1
gophertodo/backend/internal/repository/json_repository.go:143.31,145.3 1 1
gophertodo/backend/internal/repository/json_repository.go:146.2,146.40 1 1
gophertodo/backend/internal/repository/json_repository.go:146.40,148.3 1 1
gophertodo/backend/internal/repository/json_repository.go:150.2,156.16 3 1
gophertodo/backend/internal/repository/json_repository.go:156.16,158.3 1 0
gophertodo/backend/internal/repository/json_repository.go:159.2,159.44 1 1
gophertodo/backend/internal/repository/json_repository.go:162.48,163.17 1 1
gophertodo/backend/internal/repository/json_repository.go:163.17,165.3 1 0
gophertodo/backend/internal/repository/json_repository.go:166.2,167.29 2 1
gophertodo/backend/internal/repository/json_repository.go:167.29,170.3 2 0
gophertodo/backend/internal/repository/json_repository.go:171.2,171.14 1 1
gophertodo/backend/internal/repository/memory_repository.go:16.46,21.2 1 1
gophertodo/backend/internal/repository/memory_repository.go:23.58,32.2 7 1
gophertodo/backend/internal/repository/memory_repository.go:34.67,39.9 4 1
gophertodo/backend/internal/repository/memory_repository.go:39.9,41.3 1 1
gophertodo/backend/internal/repository/memory_repository.go:42.2,43.21 2 1
gophertodo/backend/internal/repository/memory_repository.go:46.62,51.31 4 1
gophertodo/backend/internal/repository/memory_repository.go:51.31,54.3 2 1
gophertodo/backend/internal/repository/memory_repository.go:55.2,55.20 1 1
gophertodo/backend/internal/repository/memory_repository.go:58.60,62.36 3 1
gophertodo/backend/internal/repository/memory_repository.go:62.36,64.3 1 1
gophertodo/backend/internal/repository/memory_repository.go:65.2,67.12 3 1
gophertodo/backend/internal/repository/memory_repository.go:70.49,74.31 3 1
gophertodo/backend/internal/repository/memory_repository.go:74.31,76.3 1 1
gophertodo/backend/internal/repository/memory_repository.go:77.2,78.12 2 1
gophertodo/backend/internal/repository/memory_repository.go:81.40,85.2 3 1
gophertodo/backend/cmd/server/main.go:14.13,19.16 4 0
gophertodo/backend/cmd/server/main.go:19.16,21.3 1 0
gophertodo/backend/cmd/server/main.go:23.2,29.67 6 0
gophertodo/backend/cmd/server/main.go:29.67,31.3 1 0
gophertodo/backend/cmd/server/main.go:34.42,35.42 1 0
gophertodo/backend/cmd/server/main.go:35.42,37.3 1 0
gophertodo/backend/cmd/server/main.go:38.2,38.17 1 0
